2026-03-02 04:44:19,606 INFO __main__ [MainThread] Logging configured level=INFO console=True file=wip_management.log
2026-03-02 04:44:19,606 INFO __main__ [MainThread] Application starting pid=21948 python=3.11.9
2026-03-02 04:44:19,607 WARNING __main__ [MainThread] ======================================================================
WARNING: Only legacy 'SQL Server' ODBC driver detected!
This driver has known thread-safety issues.
The application will run in SERIALIZED mode (slower).
For better performance, install:
  'ODBC Driver 17 for SQL Server' or 'ODBC Driver 18 for SQL Server'
======================================================================
2026-03-02 04:44:19,961 INFO __main__ [MainThread] Runtime start requested
2026-03-02 04:44:19,961 INFO __main__ [wip-runtime] Runtime thread main started
2026-03-02 04:44:19,961 INFO __main__ [wip-runtime] Runtime async bootstrap started
2026-03-02 04:44:19,961 INFO __main__ [wip-runtime] Shared grouping state enabled path=C:\Users\PROMDNGUYEN02\OneDrive - Techtronic Industries Co. Ltd\AES_Mass production - WIP Management\grouping_state.json
2026-03-02 04:44:19,961 INFO __main__ [wip-runtime] Runtime role=leader lock_path=C:\Users\PROMDNGUYEN02\OneDrive - Techtronic Industries Co. Ltd\AES_Mass production - WIP Management\.leader.lock
2026-03-02 04:44:19,961 INFO wip_management.infrastructure.sqlserver.ccu_repo [wip-runtime] CCU repo: using JSON_VALUE('$.TRAYID.paramValue') for tray ID extraction (MANUFACTURE_CODE contains machine codes, not tray IDs)
2026-03-02 04:44:19,961 INFO wip_management.application.services.orchestrator [wip-runtime] Orchestrator initialized sql_timeout=15s max_batch=10000 poll=6.0s today_only=True window_ccu_start=2026-03-01T18:00:00 window_fpc_start=2026-03-02T00:00:00
2026-03-02 04:44:19,961 INFO wip_management.infrastructure.messaging.event_bus [wip-runtime] Event bus subscribe subscribers=1 queue_size=20000
2026-03-02 04:44:19,961 INFO __main__ [wip-runtime] Runtime subscribed to event bus
2026-03-02 04:44:19,961 INFO __main__ [wip-runtime] Runtime bootstrap signal emitted to UI thread
2026-03-02 04:44:19,961 INFO __main__ [MainThread] Runtime thread bootstrapped successfully
2026-03-02 04:44:19,961 INFO __main__ [wip-runtime] Starting orchestrator service
2026-03-02 04:44:19,961 INFO wip_management.application.services.orchestrator [wip-runtime] Orchestrator start begin
2026-03-02 04:44:19,961 INFO wip_management.infrastructure.sqlserver.connection [wip-runtime] Starting SQL pool with 1 driver candidate(s): ['SQL Server']
2026-03-02 04:44:19,961 WARNING wip_management.infrastructure.sqlserver.connection [wip-runtime] Legacy SQL driver 'SQL Server' detected. Using 3-LANE SAFE mode (3 connections: ccu + fpc + ui, 1 shared ODBC thread). All ODBC calls serialised through a single OS thread to prevent access-violation crashes from the non-thread-safe driver DLL. Install 'ODBC Driver 17 for SQL Server' for true parallelism.
2026-03-02 04:44:19,973 INFO __main__ [wip-runtime] UI event coalescer loop started
2026-03-02 04:44:20,192 INFO wip_management.infrastructure.sqlserver.connection [wip-runtime] SQL ODBC driver selected configured=auto active=SQL Server
2026-03-02 04:44:20,193 INFO wip_management.infrastructure.sqlserver.connection [wip-runtime] SQL query concurrency: 3-LANE SAFE mode lanes=[ccu, fpc, ui] connections=3 shared_executor_threads=1 is_legacy=True (all ODBC calls serialised through 1 OS thread)
2026-03-02 04:44:20,212 WARNING wip_management.infrastructure.sqlserver.dashboard_repo [wip-runtime] Dashboard repo detected read-only database; skip ensure_schema schema_available=True
2026-03-02 04:44:20,213 INFO wip_management.application.state.state_store [wip-runtime] State store writer loop started queue_size=20000
2026-03-02 04:44:20,214 INFO wip_management.application.services.orchestrator [wip-runtime] Initial load window TODAY mode ccu_start=2026-03-01T18:00:00 (10.7h) fpc_start=2026-03-02T00:00:00 (4.7h) end=2026-03-02T04:44:20.214489 buffer=6.0h today_start=2026-03-02T00:00:00 filter=show_if_ccu_today_OR_fpc_today fpc_timeout=180s
2026-03-02 04:44:20,214 INFO wip_management.infrastructure.sqlserver.ccu_repo [wip-runtime] CCU initial fetch start start_time=2026-03-01T18:00:00 end_time=2026-03-02T04:44:20.214489 batch_size=10000
2026-03-02 04:44:20,214 INFO wip_management.infrastructure.sqlserver.fpc_repo [wip-runtime] FPC initial fetch start start_time=2026-03-02T00:00:00 end_time=2026-03-02T04:44:20.214489 filters=none
2026-03-02 04:44:37,410 INFO wip_management.infrastructure.sqlserver.ccu_repo [wip-runtime] CCU fetch range paged pages=4 raw_rows=33602 batch_size=10000
2026-03-02 04:44:37,910 INFO wip_management.infrastructure.sqlserver.ccu_repo [wip-runtime] CCU initial fetch done elapsed_ms=17703 raw_rows=33602 signals=87
2026-03-02 04:44:37,937 INFO wip_management.application.use_cases.ingest_signals [wip-runtime] Ingest execute merged=87 changed=87 missing_ccu=0 remapped_fpc_by_lot=0 unmapped_fpc_by_lot=0 next_wm=2026-03-02T04:43:05
2026-03-02 04:44:37,941 INFO __main__ [wip-runtime] UI snapshot event trays=37
2026-03-02 04:44:37,946 INFO wip_management.application.services.orchestrator [wip-runtime] Initial load partial published source=ccu merged=87 changed=87 trays=37
2026-03-02 04:44:37,985 INFO wip_management.presentation.ui.viewmodels [MainThread] BoardViewModel snapshot applied trays=37
2026-03-02 04:44:44,146 INFO wip_management.infrastructure.sqlserver.fpc_repo [wip-runtime] FPC fetch range keyset-paged pages=7 raw_rows=68882 batch_size=10000
2026-03-02 04:44:44,913 INFO wip_management.infrastructure.sqlserver.fpc_repo [wip-runtime] FPC initial fetch done elapsed_ms=24695 raw_rows=68882 signals=45
2026-03-02 04:44:44,942 INFO wip_management.application.use_cases.ingest_signals [wip-runtime] Ingest execute merged=132 changed=45 missing_ccu=0 remapped_fpc_by_lot=0 unmapped_fpc_by_lot=0 next_wm=2026-03-02T04:43:11
2026-03-02 04:44:44,945 INFO __main__ [wip-runtime] UI snapshot event trays=51
2026-03-02 04:44:44,975 INFO wip_management.application.services.orchestrator [wip-runtime] Initial load completed elapsed_ms=24759 merged=132 trays=51 ccu=87 fpc=45 overlap=45 backfill_scheduled=False watermark=2026-03-02T04:44:20.214489 partial_source=ccu fpc_timed_out=False mode=today
2026-03-02 04:44:44,977 INFO wip_management.application.services.orchestrator [wip-runtime] Orchestrator start completed
2026-03-02 04:44:44,977 INFO __main__ [wip-runtime] Orchestrator started successfully
2026-03-02 04:44:44,977 INFO wip_management.application.services.orchestrator [wip-runtime] Refresh loop started interval_seconds=6.0
2026-03-02 04:44:44,993 INFO wip_management.presentation.ui.viewmodels [MainThread] BoardViewModel snapshot applied trays=51
2026-03-02 04:44:51,225 INFO wip_management.application.use_cases.ingest_signals [wip-runtime] Ingest execute merged=2 changed=0 missing_ccu=0 remapped_fpc_by_lot=0 unmapped_fpc_by_lot=1 next_wm=2026-03-02T04:43:11
2026-03-02 04:44:51,225 INFO wip_management.application.services.orchestrator [wip-runtime] Refresh #1 completed elapsed_ms=248 merged=2 changed=0
